  [1m[35m (89.4ms)[0m  [1m[35mCREATE DATABASE "rails-1A-assoc_development" ENCODING = 'unicode'[0m
  ↳ bin/rails:9
  [1m[35m (43.8ms)[0m  [1m[35mCREATE DATABASE "rails-1A-assoc_test" ENCODING = 'unicode'[0m
  ↳ bin/rails:9
  [1m[35mSQL (0.3ms)[0m  [1m[35mCREATE EXTENSION IF NOT EXISTS "plpgsql"[0m
  ↳ db/schema.rb:16
  [1m[35m (0.1ms)[0m  [1m[35mDROP TABLE IF EXISTS "cart_items" CASCADE[0m
  ↳ db/schema.rb:18
  [1m[35m (4.0ms)[0m  [1m[35mCREATE TABLE "cart_items" ("id" bigserial primary key, "cart_id" integer NOT NULL, "dish_id" integer NOT NULL, "created_at" timestamp NOT NULL, "updated_at" timestamp NOT NULL)[0m
  ↳ db/schema.rb:18
  [1m[35m (0.9ms)[0m  [1m[35mCREATE  INDEX  "index_cart_items_on_cart_id" ON "cart_items"  ("cart_id")[0m
  ↳ db/schema.rb:18
  [1m[35m (0.8ms)[0m  [1m[35mCREATE  INDEX  "index_cart_items_on_dish_id" ON "cart_items"  ("dish_id")[0m
  ↳ db/schema.rb:18
  [1m[35m (0.1ms)[0m  [1m[35mDROP TABLE IF EXISTS "carts" CASCADE[0m
  ↳ db/schema.rb:27
  [1m[35m (7.0ms)[0m  [1m[35mCREATE TABLE "carts" ("id" bigserial primary key, "user_id" integer NOT NULL, "created_at" timestamp NOT NULL, "updated_at" timestamp NOT NULL)[0m
  ↳ db/schema.rb:27
  [1m[35m (1.0ms)[0m  [1m[35mCREATE UNIQUE INDEX  "index_carts_on_user_id" ON "carts"  ("user_id")[0m
  ↳ db/schema.rb:27
  [1m[35m (0.1ms)[0m  [1m[35mDROP TABLE IF EXISTS "dishes" CASCADE[0m
  ↳ db/schema.rb:34
  [1m[35m (5.6ms)[0m  [1m[35mCREATE TABLE "dishes" ("id" bigserial primary key, "name" character varying NOT NULL, "description" text NOT NULL, "restaurant_id" integer NOT NULL, "created_at" timestamp NOT NULL, "updated_at" timestamp NOT NULL)[0m
  ↳ db/schema.rb:34
  [1m[35m (0.7ms)[0m  [1m[35mCREATE  INDEX  "index_dishes_on_restaurant_id" ON "dishes"  ("restaurant_id")[0m
  ↳ db/schema.rb:34
  [1m[35m (0.1ms)[0m  [1m[35mDROP TABLE IF EXISTS "restaurants" CASCADE[0m
  ↳ db/schema.rb:43
  [1m[35m (2.9ms)[0m  [1m[35mCREATE TABLE "restaurants" ("id" bigserial primary key, "name" character varying NOT NULL, "address" character varying NOT NULL, "created_at" timestamp NOT NULL, "updated_at" timestamp NOT NULL, "owner_id" integer)[0m
  ↳ db/schema.rb:43
  [1m[35m (0.8ms)[0m  [1m[35mCREATE  INDEX  "index_restaurants_on_owner_id" ON "restaurants"  ("owner_id")[0m
  ↳ db/schema.rb:43
  [1m[35m (0.1ms)[0m  [1m[35mDROP TABLE IF EXISTS "reviews" CASCADE[0m
  ↳ db/schema.rb:52
  [1m[35m (2.5ms)[0m  [1m[35mCREATE TABLE "reviews" ("id" bigserial primary key, "body" text NOT NULL, "rating" integer NOT NULL, "user_id" integer NOT NULL, "restaurant_id" integer NOT NULL, "created_at" timestamp NOT NULL, "updated_at" timestamp NOT NULL)[0m
  ↳ db/schema.rb:52
  [1m[35m (0.7ms)[0m  [1m[35mCREATE  INDEX  "index_reviews_on_restaurant_id" ON "reviews"  ("restaurant_id")[0m
  ↳ db/schema.rb:52
  [1m[35m (0.7ms)[0m  [1m[35mCREATE  INDEX  "index_reviews_on_user_id" ON "reviews"  ("user_id")[0m
  ↳ db/schema.rb:52
  [1m[35m (0.1ms)[0m  [1m[35mDROP TABLE IF EXISTS "users" CASCADE[0m
  ↳ db/schema.rb:63
  [1m[35m (2.5ms)[0m  [1m[35mCREATE TABLE "users" ("id" bigserial primary key, "username" character varying NOT NULL, "password" character varying NOT NULL, "created_at" timestamp NOT NULL, "updated_at" timestamp NOT NULL)[0m
  ↳ db/schema.rb:63
  [1m[35m (1.5ms)[0m  [1m[35mCREATE UNIQUE INDEX  "index_users_on_username" ON "users"  ("username")[0m
  ↳ db/schema.rb:63
  [1m[35m (2.1ms)[0m  [1m[35mCREATE TABLE "schema_migrations" ("version" character varying NOT NULL PRIMARY KEY)[0m
  ↳ db/schema.rb:13
  [1m[35m (0.6ms)[0m  [1m[34mSELECT "schema_migrations"."version" FROM "schema_migrations" ORDER BY "schema_migrations"."version" ASC[0m
  ↳ db/schema.rb:13
  [1m[35m (0.3ms)[0m  [1m[32mINSERT INTO "schema_migrations" (version) VALUES (20200128223124)[0m
  ↳ db/schema.rb:13
  [1m[35m (0.3ms)[0m  [1m[32mINSERT INTO "schema_migrations" (version) VALUES
(20200128220826),
(20200128214343),
(20200128222950),
(20200128214354),
(20200128214349),
(20200128214326),
(20200128214319);

[0m
  ↳ db/schema.rb:13
  [1m[35m (2.6ms)[0m  [1m[35mCREATE TABLE "ar_internal_metadata" ("key" character varying NOT NULL PRIMARY KEY, "value" character varying, "created_at" timestamp NOT NULL, "updated_at" timestamp NOT NULL)[0m
  ↳ db/schema.rb:13
  [1m[36mActiveRecord::InternalMetadata Load (0.3ms)[0m  [1m[34mSELECT  "ar_internal_metadata".* FROM "ar_internal_metadata" WHERE "ar_internal_metadata"."key" = $1 LIMIT $2[0m  [["key", "environment"], ["LIMIT", 1]]
  ↳ db/schema.rb:13
  [1m[35m (0.1ms)[0m  [1m[35mBEGIN[0m
  ↳ db/schema.rb:13
  [1m[36mActiveRecord::InternalMetadata Create (0.4ms)[0m  [1m[32mINSERT INTO "ar_internal_metadata" ("key", "value", "created_at", "updated_at") VALUES ($1, $2, $3, $4) RETURNING "key"[0m  [["key", "environment"], ["value", "development"], ["created_at", "2021-08-10 16:20:28.081618"], ["updated_at", "2021-08-10 16:20:28.081618"]]
  ↳ db/schema.rb:13
  [1m[35m (0.2ms)[0m  [1m[35mCOMMIT[0m
  ↳ db/schema.rb:13
  [1m[36mActiveRecord::InternalMetadata Load (0.3ms)[0m  [1m[34mSELECT  "ar_internal_metadata".* FROM "ar_internal_metadata" WHERE "ar_internal_metadata"."key" = $1 LIMIT $2[0m  [["key", "environment"], ["LIMIT", 1]]
  ↳ bin/rails:9
  [1m[35m (0.1ms)[0m  [1m[35mBEGIN[0m
  ↳ bin/rails:9
  [1m[35m (0.1ms)[0m  [1m[35mCOMMIT[0m
  ↳ bin/rails:9
  [1m[35mSQL (0.3ms)[0m  [1m[35mCREATE EXTENSION IF NOT EXISTS "plpgsql"[0m
  ↳ db/schema.rb:16
  [1m[35m (0.4ms)[0m  [1m[35mDROP TABLE IF EXISTS "cart_items" CASCADE[0m
  ↳ db/schema.rb:18
  [1m[35m (6.3ms)[0m  [1m[35mCREATE TABLE "cart_items" ("id" bigserial primary key, "cart_id" integer NOT NULL, "dish_id" integer NOT NULL, "created_at" timestamp NOT NULL, "updated_at" timestamp NOT NULL)[0m
  ↳ db/schema.rb:18
  [1m[35m (0.7ms)[0m  [1m[35mCREATE  INDEX  "index_cart_items_on_cart_id" ON "cart_items"  ("cart_id")[0m
  ↳ db/schema.rb:18
  [1m[35m (1.5ms)[0m  [1m[35mCREATE  INDEX  "index_cart_items_on_dish_id" ON "cart_items"  ("dish_id")[0m
  ↳ db/schema.rb:18
  [1m[35m (0.2ms)[0m  [1m[35mDROP TABLE IF EXISTS "carts" CASCADE[0m
  ↳ db/schema.rb:27
  [1m[35m (4.0ms)[0m  [1m[35mCREATE TABLE "carts" ("id" bigserial primary key, "user_id" integer NOT NULL, "created_at" timestamp NOT NULL, "updated_at" timestamp NOT NULL)[0m
  ↳ db/schema.rb:27
  [1m[35m (1.1ms)[0m  [1m[35mCREATE UNIQUE INDEX  "index_carts_on_user_id" ON "carts"  ("user_id")[0m
  ↳ db/schema.rb:27
  [1m[35m (0.3ms)[0m  [1m[35mDROP TABLE IF EXISTS "dishes" CASCADE[0m
  ↳ db/schema.rb:34
  [1m[35m (3.3ms)[0m  [1m[35mCREATE TABLE "dishes" ("id" bigserial primary key, "name" character varying NOT NULL, "description" text NOT NULL, "restaurant_id" integer NOT NULL, "created_at" timestamp NOT NULL, "updated_at" timestamp NOT NULL)[0m
  ↳ db/schema.rb:34
  [1m[35m (0.9ms)[0m  [1m[35mCREATE  INDEX  "index_dishes_on_restaurant_id" ON "dishes"  ("restaurant_id")[0m
  ↳ db/schema.rb:34
  [1m[35m (0.3ms)[0m  [1m[35mDROP TABLE IF EXISTS "restaurants" CASCADE[0m
  ↳ db/schema.rb:43
  [1m[35m (5.6ms)[0m  [1m[35mCREATE TABLE "restaurants" ("id" bigserial primary key, "name" character varying NOT NULL, "address" character varying NOT NULL, "created_at" timestamp NOT NULL, "updated_at" timestamp NOT NULL, "owner_id" integer)[0m
  ↳ db/schema.rb:43
  [1m[35m (1.9ms)[0m  [1m[35mCREATE  INDEX  "index_restaurants_on_owner_id" ON "restaurants"  ("owner_id")[0m
  ↳ db/schema.rb:43
  [1m[35m (0.3ms)[0m  [1m[35mDROP TABLE IF EXISTS "reviews" CASCADE[0m
  ↳ db/schema.rb:52
  [1m[35m (2.9ms)[0m  [1m[35mCREATE TABLE "reviews" ("id" bigserial primary key, "body" text NOT NULL, "rating" integer NOT NULL, "user_id" integer NOT NULL, "restaurant_id" integer NOT NULL, "created_at" timestamp NOT NULL, "updated_at" timestamp NOT NULL)[0m
  ↳ db/schema.rb:52
  [1m[35m (0.7ms)[0m  [1m[35mCREATE  INDEX  "index_reviews_on_restaurant_id" ON "reviews"  ("restaurant_id")[0m
  ↳ db/schema.rb:52
  [1m[35m (1.1ms)[0m  [1m[35mCREATE  INDEX  "index_reviews_on_user_id" ON "reviews"  ("user_id")[0m
  ↳ db/schema.rb:52
  [1m[35m (0.3ms)[0m  [1m[35mDROP TABLE IF EXISTS "users" CASCADE[0m
  ↳ db/schema.rb:63
  [1m[35m (6.9ms)[0m  [1m[35mCREATE TABLE "users" ("id" bigserial primary key, "username" character varying NOT NULL, "password" character varying NOT NULL, "created_at" timestamp NOT NULL, "updated_at" timestamp NOT NULL)[0m
  ↳ db/schema.rb:63
  [1m[35m (0.9ms)[0m  [1m[35mCREATE UNIQUE INDEX  "index_users_on_username" ON "users"  ("username")[0m
  ↳ db/schema.rb:63
  [1m[35m (2.1ms)[0m  [1m[35mCREATE TABLE "schema_migrations" ("version" character varying NOT NULL PRIMARY KEY)[0m
  ↳ db/schema.rb:13
  [1m[35m (0.5ms)[0m  [1m[34mSELECT "schema_migrations"."version" FROM "schema_migrations" ORDER BY "schema_migrations"."version" ASC[0m
  ↳ db/schema.rb:13
  [1m[35m (0.3ms)[0m  [1m[32mINSERT INTO "schema_migrations" (version) VALUES (20200128223124)[0m
  ↳ db/schema.rb:13
  [1m[35m (0.3ms)[0m  [1m[32mINSERT INTO "schema_migrations" (version) VALUES
(20200128220826),
(20200128214343),
(20200128222950),
(20200128214354),
(20200128214349),
(20200128214326),
(20200128214319);

[0m
  ↳ db/schema.rb:13
  [1m[35m (1.6ms)[0m  [1m[35mCREATE TABLE "ar_internal_metadata" ("key" character varying NOT NULL PRIMARY KEY, "value" character varying, "created_at" timestamp NOT NULL, "updated_at" timestamp NOT NULL)[0m
  ↳ db/schema.rb:13
  [1m[36mActiveRecord::InternalMetadata Load (0.2ms)[0m  [1m[34mSELECT  "ar_internal_metadata".* FROM "ar_internal_metadata" WHERE "ar_internal_metadata"."key" = $1 LIMIT $2[0m  [["key", "environment"], ["LIMIT", 1]]
  ↳ db/schema.rb:13
  [1m[35m (0.1ms)[0m  [1m[35mBEGIN[0m
  ↳ db/schema.rb:13
  [1m[36mActiveRecord::InternalMetadata Create (0.2ms)[0m  [1m[32mINSERT INTO "ar_internal_metadata" ("key", "value", "created_at", "updated_at") VALUES ($1, $2, $3, $4) RETURNING "key"[0m  [["key", "environment"], ["value", "development"], ["created_at", "2021-08-10 16:20:28.178974"], ["updated_at", "2021-08-10 16:20:28.178974"]]
  ↳ db/schema.rb:13
  [1m[35m (0.1ms)[0m  [1m[35mCOMMIT[0m
  ↳ db/schema.rb:13
  [1m[36mActiveRecord::InternalMetadata Load (0.1ms)[0m  [1m[34mSELECT  "ar_internal_metadata".* FROM "ar_internal_metadata" WHERE "ar_internal_metadata"."key" = $1 LIMIT $2[0m  [["key", "environment"], ["LIMIT", 1]]
  ↳ bin/rails:9
  [1m[35m (0.1ms)[0m  [1m[35mBEGIN[0m
  ↳ bin/rails:9
  [1m[36mActiveRecord::InternalMetadata Update (0.3ms)[0m  [1m[33mUPDATE "ar_internal_metadata" SET "value" = $1, "updated_at" = $2 WHERE "ar_internal_metadata"."key" = $3[0m  [["value", "test"], ["updated_at", "2021-08-10 16:20:28.184380"], ["key", "environment"]]
  ↳ bin/rails:9
  [1m[35m (0.1ms)[0m  [1m[35mCOMMIT[0m
  ↳ bin/rails:9
  [1m[35m (0.6ms)[0m  [1m[34mSELECT "schema_migrations"."version" FROM "schema_migrations" ORDER BY "schema_migrations"."version" ASC[0m
  ↳ bin/rails:9
  [1m[35m (0.2ms)[0m  [1m[35mBEGIN[0m
  ↳ db/seeds.rb:14
  [1m[36mUser Destroy (1.2ms)[0m  [1m[31mDELETE FROM "users"[0m
  ↳ db/seeds.rb:15
  [1m[36mRestaurant Destroy (0.6ms)[0m  [1m[31mDELETE FROM "restaurants"[0m
  ↳ db/seeds.rb:16
  [1m[36mCart Destroy (0.3ms)[0m  [1m[31mDELETE FROM "carts"[0m
  ↳ db/seeds.rb:17
  [1m[36mDish Destroy (0.3ms)[0m  [1m[31mDELETE FROM "dishes"[0m
  ↳ db/seeds.rb:18
  [1m[36mReview Destroy (0.4ms)[0m  [1m[31mDELETE FROM "reviews"[0m
  ↳ db/seeds.rb:19
  [1m[36mCartItem Destroy (0.4ms)[0m  [1m[31mDELETE FROM "cart_items"[0m
  ↳ db/seeds.rb:20
  [1m[36mUser Create (0.7ms)[0m  [1m[32mINSERT INTO "users" ("id", "username", "password", "created_at", "updated_at") VALUES ($1, $2, $3, $4, $5) RETURNING "id"[0m  [["id", 45362], ["username", "randy"], ["password", "bobandy"], ["created_at", "2021-08-10 16:20:28.225212"], ["updated_at", "2021-08-10 16:20:28.225212"]]
  ↳ db/seeds.rb:22
  [1m[36mUser Create (0.4ms)[0m  [1m[32mINSERT INTO "users" ("id", "username", "password", "created_at", "updated_at") VALUES ($1, $2, $3, $4, $5) RETURNING "id"[0m  [["id", 37223], ["username", "donald"], ["password", "mcronald"], ["created_at", "2021-08-10 16:20:28.226653"], ["updated_at", "2021-08-10 16:20:28.226653"]]
  ↳ db/seeds.rb:28
  [1m[36mRestaurant Create (0.4ms)[0m  [1m[32mINSERT INTO "restaurants" ("id", "name", "address", "created_at", "updated_at", "owner_id") VALUES ($1, $2, $3, $4, $5, $6) RETURNING "id"[0m  [["id", 5153], ["name", "Bobandys Burgers"], ["address", "1991 Sunnyvale blvd"], ["created_at", "2021-08-10 16:20:28.234647"], ["updated_at", "2021-08-10 16:20:28.234647"], ["owner_id", 45362]]
  ↳ db/seeds.rb:34
  [1m[36mRestaurant Create (0.1ms)[0m  [1m[32mINSERT INTO "restaurants" ("id", "name", "address", "created_at", "updated_at", "owner_id") VALUES ($1, $2, $3, $4, $5, $6) RETURNING "id"[0m  [["id", 73359], ["name", "McRonalds"], ["address", "86 Hachiroku dr"], ["created_at", "2021-08-10 16:20:28.235673"], ["updated_at", "2021-08-10 16:20:28.235673"], ["owner_id", 37223]]
  ↳ db/seeds.rb:41
  [1m[36mCart Create (0.4ms)[0m  [1m[32mINSERT INTO "carts" ("id", "user_id", "created_at", "updated_at") VALUES ($1, $2, $3, $4) RETURNING "id"[0m  [["id", 73225], ["user_id", 45362], ["created_at", "2021-08-10 16:20:28.242630"], ["updated_at", "2021-08-10 16:20:28.242630"]]
  ↳ db/seeds.rb:48
  [1m[36mDish Create (1.5ms)[0m  [1m[32mINSERT INTO "dishes" ("id", "name", "description", "restaurant_id", "created_at", "updated_at") VALUES ($1, $2, $3, $4, $5, $6) RETURNING "id"[0m  [["id", 40413], ["name", "Burrito Burger"], ["description", "A burrito but also a burger"], ["restaurant_id", 5153], ["created_at", "2021-08-10 16:20:28.250348"], ["updated_at", "2021-08-10 16:20:28.250348"]]
  ↳ db/seeds.rb:53
  [1m[36mReview Create (0.5ms)[0m  [1m[32mINSERT INTO "reviews" ("id", "body", "rating", "user_id", "restaurant_id", "created_at", "updated_at") VALUES ($1, $2, $3, $4, $5, $6, $7) RETURNING "id"[0m  [["id", 99599], ["body", "Best restaurant in Nova Scotia."], ["rating", 5], ["user_id", 37223], ["restaurant_id", 5153], ["created_at", "2021-08-10 16:20:28.261230"], ["updated_at", "2021-08-10 16:20:28.261230"]]
  ↳ db/seeds.rb:60
  [1m[36mReview Create (0.1ms)[0m  [1m[32mINSERT INTO "reviews" ("id", "body", "rating", "user_id", "restaurant_id", "created_at", "updated_at") VALUES ($1, $2, $3, $4, $5, $6, $7) RETURNING "id"[0m  [["id", 98416], ["body", "I got sick from eating here."], ["rating", 1], ["user_id", 45362], ["restaurant_id", 73359], ["created_at", "2021-08-10 16:20:28.262316"], ["updated_at", "2021-08-10 16:20:28.262316"]]
  ↳ db/seeds.rb:68
  [1m[36mCartItem Create (0.3ms)[0m  [1m[32mINSERT INTO "cart_items" ("id", "cart_id", "dish_id", "created_at", "updated_at") VALUES ($1, $2, $3, $4, $5) RETURNING "id"[0m  [["id", 72994], ["cart_id", 73225], ["dish_id", 40413], ["created_at", "2021-08-10 16:20:28.268341"], ["updated_at", "2021-08-10 16:20:28.268341"]]
  ↳ db/seeds.rb:76
  [1m[35m (0.6ms)[0m  [1m[35mCOMMIT[0m
  ↳ db/seeds.rb:14
  [1m[35m (2.0ms)[0m  [1m[34mSELECT "schema_migrations"."version" FROM "schema_migrations" ORDER BY "schema_migrations"."version" ASC[0m
  ↳ bin/rails:9
  [1m[35m (0.9ms)[0m  [1m[34mSELECT "ar_internal_metadata"."value" FROM "ar_internal_metadata" WHERE "ar_internal_metadata"."key" = $1[0m  [["key", "environment"]]
  ↳ bin/rails:9
  [1m[35m (0.8ms)[0m  [1m[34mSELECT "schema_migrations"."version" FROM "schema_migrations" ORDER BY "schema_migrations"."version" ASC[0m
  ↳ bin/rails:9
  [1m[35m (0.3ms)[0m  [1m[34mSELECT "ar_internal_metadata"."value" FROM "ar_internal_metadata" WHERE "ar_internal_metadata"."key" = $1[0m  [["key", "environment"]]
  ↳ bin/rails:9
  [1m[35m (0.4ms)[0m  [1m[34mSELECT "schema_migrations"."version" FROM "schema_migrations" ORDER BY "schema_migrations"."version" ASC[0m
  ↳ bin/rails:9
  [1m[35m (0.3ms)[0m  [1m[34mSELECT "ar_internal_metadata"."value" FROM "ar_internal_metadata" WHERE "ar_internal_metadata"."key" = $1[0m  [["key", "environment"]]
  ↳ bin/rails:9
  [1m[35mSQL (0.2ms)[0m  [1m[35mCREATE EXTENSION IF NOT EXISTS "plpgsql"[0m
  ↳ db/schema.rb:16
  [1m[35m (7.1ms)[0m  [1m[35mDROP TABLE IF EXISTS "cart_items" CASCADE[0m
  ↳ db/schema.rb:18
  [1m[35m (3.2ms)[0m  [1m[35mCREATE TABLE "cart_items" ("id" bigserial primary key, "cart_id" integer NOT NULL, "dish_id" integer NOT NULL, "created_at" timestamp NOT NULL, "updated_at" timestamp NOT NULL)[0m
  ↳ db/schema.rb:18
  [1m[35m (1.0ms)[0m  [1m[35mCREATE  INDEX  "index_cart_items_on_cart_id" ON "cart_items"  ("cart_id")[0m
  ↳ db/schema.rb:18
  [1m[35m (1.6ms)[0m  [1m[35mCREATE  INDEX  "index_cart_items_on_dish_id" ON "cart_items"  ("dish_id")[0m
  ↳ db/schema.rb:18
  [1m[35m (3.1ms)[0m  [1m[35mDROP TABLE IF EXISTS "carts" CASCADE[0m
  ↳ db/schema.rb:27
  [1m[35m (2.2ms)[0m  [1m[35mCREATE TABLE "carts" ("id" bigserial primary key, "user_id" integer NOT NULL, "created_at" timestamp NOT NULL, "updated_at" timestamp NOT NULL)[0m
  ↳ db/schema.rb:27
  [1m[35m (0.6ms)[0m  [1m[35mCREATE UNIQUE INDEX  "index_carts_on_user_id" ON "carts"  ("user_id")[0m
  ↳ db/schema.rb:27
  [1m[35m (1.7ms)[0m  [1m[35mDROP TABLE IF EXISTS "dishes" CASCADE[0m
  ↳ db/schema.rb:34
  [1m[35m (2.7ms)[0m  [1m[35mCREATE TABLE "dishes" ("id" bigserial primary key, "name" character varying NOT NULL, "description" text NOT NULL, "restaurant_id" integer NOT NULL, "created_at" timestamp NOT NULL, "updated_at" timestamp NOT NULL)[0m
  ↳ db/schema.rb:34
  [1m[35m (0.5ms)[0m  [1m[35mCREATE  INDEX  "index_dishes_on_restaurant_id" ON "dishes"  ("restaurant_id")[0m
  ↳ db/schema.rb:34
  [1m[35m (1.7ms)[0m  [1m[35mDROP TABLE IF EXISTS "restaurants" CASCADE[0m
  ↳ db/schema.rb:43
  [1m[35m (3.0ms)[0m  [1m[35mCREATE TABLE "restaurants" ("id" bigserial primary key, "name" character varying NOT NULL, "address" character varying NOT NULL, "created_at" timestamp NOT NULL, "updated_at" timestamp NOT NULL, "owner_id" integer)[0m
  ↳ db/schema.rb:43
  [1m[35m (0.6ms)[0m  [1m[35mCREATE  INDEX  "index_restaurants_on_owner_id" ON "restaurants"  ("owner_id")[0m
  ↳ db/schema.rb:43
  [1m[35m (2.5ms)[0m  [1m[35mDROP TABLE IF EXISTS "reviews" CASCADE[0m
  ↳ db/schema.rb:52
  [1m[35m (3.7ms)[0m  [1m[35mCREATE TABLE "reviews" ("id" bigserial primary key, "body" text NOT NULL, "rating" integer NOT NULL, "user_id" integer NOT NULL, "restaurant_id" integer NOT NULL, "created_at" timestamp NOT NULL, "updated_at" timestamp NOT NULL)[0m
  ↳ db/schema.rb:52
  [1m[35m (0.7ms)[0m  [1m[35mCREATE  INDEX  "index_reviews_on_restaurant_id" ON "reviews"  ("restaurant_id")[0m
  ↳ db/schema.rb:52
  [1m[35m (0.7ms)[0m  [1m[35mCREATE  INDEX  "index_reviews_on_user_id" ON "reviews"  ("user_id")[0m
  ↳ db/schema.rb:52
  [1m[35m (2.1ms)[0m  [1m[35mDROP TABLE IF EXISTS "users" CASCADE[0m
  ↳ db/schema.rb:63
  [1m[35m (4.0ms)[0m  [1m[35mCREATE TABLE "users" ("id" bigserial primary key, "username" character varying NOT NULL, "password" character varying NOT NULL, "created_at" timestamp NOT NULL, "updated_at" timestamp NOT NULL)[0m
  ↳ db/schema.rb:63
  [1m[35m (2.5ms)[0m  [1m[35mCREATE UNIQUE INDEX  "index_users_on_username" ON "users"  ("username")[0m
  ↳ db/schema.rb:63
  [1m[35m (0.6ms)[0m  [1m[34mSELECT "schema_migrations"."version" FROM "schema_migrations" ORDER BY "schema_migrations"."version" ASC[0m
  ↳ db/schema.rb:13
  [1m[36mActiveRecord::InternalMetadata Load (0.3ms)[0m  [1m[34mSELECT  "ar_internal_metadata".* FROM "ar_internal_metadata" WHERE "ar_internal_metadata"."key" = $1 LIMIT $2[0m  [["key", "environment"], ["LIMIT", 1]]
  ↳ db/schema.rb:13
  [1m[35m (0.1ms)[0m  [1m[35mBEGIN[0m
  ↳ db/schema.rb:13
  [1m[35m (0.1ms)[0m  [1m[35mCOMMIT[0m
  ↳ db/schema.rb:13
  [1m[36mActiveRecord::InternalMetadata Load (0.2ms)[0m  [1m[34mSELECT  "ar_internal_metadata".* FROM "ar_internal_metadata" WHERE "ar_internal_metadata"."key" = $1 LIMIT $2[0m  [["key", "environment"], ["LIMIT", 1]]
  ↳ bin/rails:9
  [1m[35m (0.1ms)[0m  [1m[35mBEGIN[0m
  ↳ bin/rails:9
  [1m[35m (0.1ms)[0m  [1m[35mCOMMIT[0m
  ↳ bin/rails:9
  [1m[35mSQL (0.3ms)[0m  [1m[35mCREATE EXTENSION IF NOT EXISTS "plpgsql"[0m
  ↳ db/schema.rb:16
  [1m[35m (3.4ms)[0m  [1m[35mDROP TABLE IF EXISTS "cart_items" CASCADE[0m
  ↳ db/schema.rb:18
  [1m[35m (3.7ms)[0m  [1m[35mCREATE TABLE "cart_items" ("id" bigserial primary key, "cart_id" integer NOT NULL, "dish_id" integer NOT NULL, "created_at" timestamp NOT NULL, "updated_at" timestamp NOT NULL)[0m
  ↳ db/schema.rb:18
  [1m[35m (1.3ms)[0m  [1m[35mCREATE  INDEX  "index_cart_items_on_cart_id" ON "cart_items"  ("cart_id")[0m
  ↳ db/schema.rb:18
  [1m[35m (0.9ms)[0m  [1m[35mCREATE  INDEX  "index_cart_items_on_dish_id" ON "cart_items"  ("dish_id")[0m
  ↳ db/schema.rb:18
  [1m[35m (1.4ms)[0m  [1m[35mDROP TABLE IF EXISTS "carts" CASCADE[0m
  ↳ db/schema.rb:27
  [1m[35m (2.3ms)[0m  [1m[35mCREATE TABLE "carts" ("id" bigserial primary key, "user_id" integer NOT NULL, "created_at" timestamp NOT NULL, "updated_at" timestamp NOT NULL)[0m
  ↳ db/schema.rb:27
  [1m[35m (0.7ms)[0m  [1m[35mCREATE UNIQUE INDEX  "index_carts_on_user_id" ON "carts"  ("user_id")[0m
  ↳ db/schema.rb:27
  [1m[35m (1.7ms)[0m  [1m[35mDROP TABLE IF EXISTS "dishes" CASCADE[0m
  ↳ db/schema.rb:34
  [1m[35m (2.8ms)[0m  [1m[35mCREATE TABLE "dishes" ("id" bigserial primary key, "name" character varying NOT NULL, "description" text NOT NULL, "restaurant_id" integer NOT NULL, "created_at" timestamp NOT NULL, "updated_at" timestamp NOT NULL)[0m
  ↳ db/schema.rb:34
  [1m[35m (1.7ms)[0m  [1m[35mCREATE  INDEX  "index_dishes_on_restaurant_id" ON "dishes"  ("restaurant_id")[0m
  ↳ db/schema.rb:34
  [1m[35m (1.8ms)[0m  [1m[35mDROP TABLE IF EXISTS "restaurants" CASCADE[0m
  ↳ db/schema.rb:43
  [1m[35m (3.6ms)[0m  [1m[35mCREATE TABLE "restaurants" ("id" bigserial primary key, "name" character varying NOT NULL, "address" character varying NOT NULL, "created_at" timestamp NOT NULL, "updated_at" timestamp NOT NULL, "owner_id" integer)[0m
  ↳ db/schema.rb:43
  [1m[35m (0.8ms)[0m  [1m[35mCREATE  INDEX  "index_restaurants_on_owner_id" ON "restaurants"  ("owner_id")[0m
  ↳ db/schema.rb:43
  [1m[35m (2.1ms)[0m  [1m[35mDROP TABLE IF EXISTS "reviews" CASCADE[0m
  ↳ db/schema.rb:52
  [1m[35m (2.8ms)[0m  [1m[35mCREATE TABLE "reviews" ("id" bigserial primary key, "body" text NOT NULL, "rating" integer NOT NULL, "user_id" integer NOT NULL, "restaurant_id" integer NOT NULL, "created_at" timestamp NOT NULL, "updated_at" timestamp NOT NULL)[0m
  ↳ db/schema.rb:52
  [1m[35m (2.0ms)[0m  [1m[35mCREATE  INDEX  "index_reviews_on_restaurant_id" ON "reviews"  ("restaurant_id")[0m
  ↳ db/schema.rb:52
  [1m[35m (0.8ms)[0m  [1m[35mCREATE  INDEX  "index_reviews_on_user_id" ON "reviews"  ("user_id")[0m
  ↳ db/schema.rb:52
  [1m[35m (1.6ms)[0m  [1m[35mDROP TABLE IF EXISTS "users" CASCADE[0m
  ↳ db/schema.rb:63
  [1m[35m (3.4ms)[0m  [1m[35mCREATE TABLE "users" ("id" bigserial primary key, "username" character varying NOT NULL, "password" character varying NOT NULL, "created_at" timestamp NOT NULL, "updated_at" timestamp NOT NULL)[0m
  ↳ db/schema.rb:63
  [1m[35m (0.7ms)[0m  [1m[35mCREATE UNIQUE INDEX  "index_users_on_username" ON "users"  ("username")[0m
  ↳ db/schema.rb:63
  [1m[35m (0.6ms)[0m  [1m[34mSELECT "schema_migrations"."version" FROM "schema_migrations" ORDER BY "schema_migrations"."version" ASC[0m
  ↳ db/schema.rb:13
  [1m[36mActiveRecord::InternalMetadata Load (0.3ms)[0m  [1m[34mSELECT  "ar_internal_metadata".* FROM "ar_internal_metadata" WHERE "ar_internal_metadata"."key" = $1 LIMIT $2[0m  [["key", "environment"], ["LIMIT", 1]]
  ↳ db/schema.rb:13
  [1m[35m (0.1ms)[0m  [1m[35mBEGIN[0m
  ↳ db/schema.rb:13
  [1m[36mActiveRecord::InternalMetadata Update (0.3ms)[0m  [1m[33mUPDATE "ar_internal_metadata" SET "value" = $1, "updated_at" = $2 WHERE "ar_internal_metadata"."key" = $3[0m  [["value", "development"], ["updated_at", "2021-08-10 16:20:30.390308"], ["key", "environment"]]
  ↳ db/schema.rb:13
  [1m[35m (0.2ms)[0m  [1m[35mCOMMIT[0m
  ↳ db/schema.rb:13
  [1m[36mActiveRecord::InternalMetadata Load (0.1ms)[0m  [1m[34mSELECT  "ar_internal_metadata".* FROM "ar_internal_metadata" WHERE "ar_internal_metadata"."key" = $1 LIMIT $2[0m  [["key", "environment"], ["LIMIT", 1]]
  ↳ bin/rails:9
  [1m[35m (0.0ms)[0m  [1m[35mBEGIN[0m
  ↳ bin/rails:9
  [1m[36mActiveRecord::InternalMetadata Update (0.3ms)[0m  [1m[33mUPDATE "ar_internal_metadata" SET "value" = $1, "updated_at" = $2 WHERE "ar_internal_metadata"."key" = $3[0m  [["value", "test"], ["updated_at", "2021-08-10 16:20:30.392846"], ["key", "environment"]]
  ↳ bin/rails:9
  [1m[35m (0.9ms)[0m  [1m[35mCOMMIT[0m
  ↳ bin/rails:9
  [1m[35m (2.1ms)[0m  [1m[34mSELECT "schema_migrations"."version" FROM "schema_migrations" ORDER BY "schema_migrations"."version" ASC[0m
  ↳ bin/rails:9
  [1m[35m (0.2ms)[0m  [1m[35mBEGIN[0m
  ↳ db/seeds.rb:14
  [1m[36mUser Destroy (1.3ms)[0m  [1m[31mDELETE FROM "users"[0m
  ↳ db/seeds.rb:15
  [1m[36mRestaurant Destroy (1.0ms)[0m  [1m[31mDELETE FROM "restaurants"[0m
  ↳ db/seeds.rb:16
  [1m[36mCart Destroy (0.8ms)[0m  [1m[31mDELETE FROM "carts"[0m
  ↳ db/seeds.rb:17
  [1m[36mDish Destroy (1.0ms)[0m  [1m[31mDELETE FROM "dishes"[0m
  ↳ db/seeds.rb:18
  [1m[36mReview Destroy (1.1ms)[0m  [1m[31mDELETE FROM "reviews"[0m
  ↳ db/seeds.rb:19
  [1m[36mCartItem Destroy (2.1ms)[0m  [1m[31mDELETE FROM "cart_items"[0m
  ↳ db/seeds.rb:20
  [1m[36mUser Create (0.5ms)[0m  [1m[32mINSERT INTO "users" ("id", "username", "password", "created_at", "updated_at") VALUES ($1, $2, $3, $4, $5) RETURNING "id"[0m  [["id", 91590], ["username", "randy"], ["password", "bobandy"], ["created_at", "2021-08-10 16:20:32.133368"], ["updated_at", "2021-08-10 16:20:32.133368"]]
  ↳ db/seeds.rb:22
  [1m[36mUser Create (0.2ms)[0m  [1m[32mINSERT INTO "users" ("id", "username", "password", "created_at", "updated_at") VALUES ($1, $2, $3, $4, $5) RETURNING "id"[0m  [["id", 84364], ["username", "donald"], ["password", "mcronald"], ["created_at", "2021-08-10 16:20:32.134842"], ["updated_at", "2021-08-10 16:20:32.134842"]]
  ↳ db/seeds.rb:28
  [1m[36mRestaurant Create (0.3ms)[0m  [1m[32mINSERT INTO "restaurants" ("id", "name", "address", "created_at", "updated_at", "owner_id") VALUES ($1, $2, $3, $4, $5, $6) RETURNING "id"[0m  [["id", 76600], ["name", "Bobandys Burgers"], ["address", "1991 Sunnyvale blvd"], ["created_at", "2021-08-10 16:20:32.142098"], ["updated_at", "2021-08-10 16:20:32.142098"], ["owner_id", 91590]]
  ↳ db/seeds.rb:34
  [1m[36mRestaurant Create (0.1ms)[0m  [1m[32mINSERT INTO "restaurants" ("id", "name", "address", "created_at", "updated_at", "owner_id") VALUES ($1, $2, $3, $4, $5, $6) RETURNING "id"[0m  [["id", 88024], ["name", "McRonalds"], ["address", "86 Hachiroku dr"], ["created_at", "2021-08-10 16:20:32.142850"], ["updated_at", "2021-08-10 16:20:32.142850"], ["owner_id", 84364]]
  ↳ db/seeds.rb:41
  [1m[36mCart Create (0.3ms)[0m  [1m[32mINSERT INTO "carts" ("id", "user_id", "created_at", "updated_at") VALUES ($1, $2, $3, $4) RETURNING "id"[0m  [["id", 17563], ["user_id", 91590], ["created_at", "2021-08-10 16:20:32.148652"], ["updated_at", "2021-08-10 16:20:32.148652"]]
  ↳ db/seeds.rb:48
  [1m[36mDish Create (0.9ms)[0m  [1m[32mINSERT INTO "dishes" ("id", "name", "description", "restaurant_id", "created_at", "updated_at") VALUES ($1, $2, $3, $4, $5, $6) RETURNING "id"[0m  [["id", 36317], ["name", "Burrito Burger"], ["description", "A burrito but also a burger"], ["restaurant_id", 76600], ["created_at", "2021-08-10 16:20:32.159885"], ["updated_at", "2021-08-10 16:20:32.159885"]]
  ↳ db/seeds.rb:53
  [1m[36mReview Create (0.9ms)[0m  [1m[32mINSERT INTO "reviews" ("id", "body", "rating", "user_id", "restaurant_id", "created_at", "updated_at") VALUES ($1, $2, $3, $4, $5, $6, $7) RETURNING "id"[0m  [["id", 6994], ["body", "Best restaurant in Nova Scotia."], ["rating", 5], ["user_id", 84364], ["restaurant_id", 76600], ["created_at", "2021-08-10 16:20:32.173905"], ["updated_at", "2021-08-10 16:20:32.173905"]]
  ↳ db/seeds.rb:60
  [1m[36mReview Create (0.3ms)[0m  [1m[32mINSERT INTO "reviews" ("id", "body", "rating", "user_id", "restaurant_id", "created_at", "updated_at") VALUES ($1, $2, $3, $4, $5, $6, $7) RETURNING "id"[0m  [["id", 96869], ["body", "I got sick from eating here."], ["rating", 1], ["user_id", 91590], ["restaurant_id", 88024], ["created_at", "2021-08-10 16:20:32.175528"], ["updated_at", "2021-08-10 16:20:32.175528"]]
  ↳ db/seeds.rb:68
  [1m[36mCartItem Create (0.4ms)[0m  [1m[32mINSERT INTO "cart_items" ("id", "cart_id", "dish_id", "created_at", "updated_at") VALUES ($1, $2, $3, $4, $5) RETURNING "id"[0m  [["id", 81315], ["cart_id", 17563], ["dish_id", 36317], ["created_at", "2021-08-10 16:20:32.190056"], ["updated_at", "2021-08-10 16:20:32.190056"]]
  ↳ db/seeds.rb:76
  [1m[35m (0.5ms)[0m  [1m[35mCOMMIT[0m
  ↳ db/seeds.rb:14
