  [1m[35m (1.4ms)[0m  [1m[34mSELECT "schema_migrations"."version" FROM "schema_migrations" ORDER BY "schema_migrations"."version" ASC[0m
  ↳ bin/rails:9
  [1m[35m (1.0ms)[0m  [1m[34mSELECT "ar_internal_metadata"."value" FROM "ar_internal_metadata" WHERE "ar_internal_metadata"."key" = $1[0m  [["key", "environment"]]
  ↳ bin/rails:9
  [1m[35m (0.2ms)[0m  [1m[34mSELECT "schema_migrations"."version" FROM "schema_migrations" ORDER BY "schema_migrations"."version" ASC[0m
  ↳ bin/rails:9
  [1m[35m (0.2ms)[0m  [1m[34mSELECT "ar_internal_metadata"."value" FROM "ar_internal_metadata" WHERE "ar_internal_metadata"."key" = $1[0m  [["key", "environment"]]
  ↳ bin/rails:9
  [1m[35m (0.1ms)[0m  [1m[34mSELECT "schema_migrations"."version" FROM "schema_migrations" ORDER BY "schema_migrations"."version" ASC[0m
  ↳ bin/rails:9
  [1m[35m (0.1ms)[0m  [1m[34mSELECT "ar_internal_metadata"."value" FROM "ar_internal_metadata" WHERE "ar_internal_metadata"."key" = $1[0m  [["key", "environment"]]
  ↳ bin/rails:9
  [1m[35m (26.4ms)[0m  [1m[35mDROP DATABASE IF EXISTS "rails-1P-associations_development"[0m
  ↳ bin/rails:9
  [1m[35m (23.5ms)[0m  [1m[35mDROP DATABASE IF EXISTS "rails-1P-associations_test"[0m
  ↳ bin/rails:9
  [1m[35m (98.7ms)[0m  [1m[35mCREATE DATABASE "rails-1P-associations_development" ENCODING = 'unicode'[0m
  ↳ bin/rails:9
  [1m[35m (36.7ms)[0m  [1m[35mCREATE DATABASE "rails-1P-associations_test" ENCODING = 'unicode'[0m
  ↳ bin/rails:9
  [1m[35mSQL (0.3ms)[0m  [1m[35mCREATE EXTENSION IF NOT EXISTS "plpgsql"[0m
  ↳ db/schema.rb:16
  [1m[35m (0.1ms)[0m  [1m[35mDROP TABLE IF EXISTS "comments" CASCADE[0m
  ↳ db/schema.rb:18
  [1m[35m (9.2ms)[0m  [1m[35mCREATE TABLE "comments" ("id" bigserial primary key, "body" character varying NOT NULL, "video_id" integer NOT NULL, "parent_comment_id" integer, "created_at" timestamp NOT NULL, "updated_at" timestamp NOT NULL, "commenter_id" integer)[0m
  ↳ db/schema.rb:18
  [1m[35m (0.6ms)[0m  [1m[35mCREATE  INDEX  "index_comments_on_commenter_id" ON "comments"  ("commenter_id")[0m
  ↳ db/schema.rb:18
  [1m[35m (0.5ms)[0m  [1m[35mCREATE  INDEX  "index_comments_on_video_id" ON "comments"  ("video_id")[0m
  ↳ db/schema.rb:18
  [1m[35m (0.1ms)[0m  [1m[35mDROP TABLE IF EXISTS "likes" CASCADE[0m
  ↳ db/schema.rb:29
  [1m[35m (1.7ms)[0m  [1m[35mCREATE TABLE "likes" ("id" bigserial primary key, "liker_id" integer NOT NULL, "video_id" integer NOT NULL, "created_at" timestamp NOT NULL, "updated_at" timestamp NOT NULL)[0m
  ↳ db/schema.rb:29
  [1m[35m (0.6ms)[0m  [1m[35mCREATE  INDEX  "index_likes_on_liker_id" ON "likes"  ("liker_id")[0m
  ↳ db/schema.rb:29
  [1m[35m (0.5ms)[0m  [1m[35mCREATE UNIQUE INDEX  "index_likes_on_video_id_and_liker_id" ON "likes"  ("video_id", "liker_id")[0m
  ↳ db/schema.rb:29
  [1m[35m (0.1ms)[0m  [1m[35mDROP TABLE IF EXISTS "users" CASCADE[0m
  ↳ db/schema.rb:38
  [1m[35m (2.1ms)[0m  [1m[35mCREATE TABLE "users" ("id" bigserial primary key, "username" character varying NOT NULL, "password" character varying NOT NULL, "created_at" timestamp NOT NULL, "updated_at" timestamp NOT NULL)[0m
  ↳ db/schema.rb:38
  [1m[35m (0.1ms)[0m  [1m[35mDROP TABLE IF EXISTS "videos" CASCADE[0m
  ↳ db/schema.rb:45
  [1m[35m (2.3ms)[0m  [1m[35mCREATE TABLE "videos" ("id" bigserial primary key, "title" character varying NOT NULL, "description" text NOT NULL, "uploader_id" integer NOT NULL, "created_at" timestamp NOT NULL, "updated_at" timestamp NOT NULL)[0m
  ↳ db/schema.rb:45
  [1m[35m (0.9ms)[0m  [1m[35mCREATE  INDEX  "index_videos_on_uploader_id" ON "videos"  ("uploader_id")[0m
  ↳ db/schema.rb:45
  [1m[35m (1.7ms)[0m  [1m[35mCREATE TABLE "schema_migrations" ("version" character varying NOT NULL PRIMARY KEY)[0m
  ↳ db/schema.rb:13
  [1m[35m (0.5ms)[0m  [1m[34mSELECT "schema_migrations"."version" FROM "schema_migrations" ORDER BY "schema_migrations"."version" ASC[0m
  ↳ db/schema.rb:13
  [1m[35m (0.3ms)[0m  [1m[32mINSERT INTO "schema_migrations" (version) VALUES (20200125015338)[0m
  ↳ db/schema.rb:13
  [1m[35m (1.7ms)[0m  [1m[35mCREATE TABLE "ar_internal_metadata" ("key" character varying NOT NULL PRIMARY KEY, "value" character varying, "created_at" timestamp NOT NULL, "updated_at" timestamp NOT NULL)[0m
  ↳ db/schema.rb:13
  [1m[36mActiveRecord::InternalMetadata Load (0.2ms)[0m  [1m[34mSELECT  "ar_internal_metadata".* FROM "ar_internal_metadata" WHERE "ar_internal_metadata"."key" = $1 LIMIT $2[0m  [["key", "environment"], ["LIMIT", 1]]
  ↳ db/schema.rb:13
  [1m[35m (0.1ms)[0m  [1m[35mBEGIN[0m
  ↳ db/schema.rb:13
  [1m[36mActiveRecord::InternalMetadata Create (0.3ms)[0m  [1m[32mINSERT INTO "ar_internal_metadata" ("key", "value", "created_at", "updated_at") VALUES ($1, $2, $3, $4) RETURNING "key"[0m  [["key", "environment"], ["value", "development"], ["created_at", "2021-08-10 08:28:38.725549"], ["updated_at", "2021-08-10 08:28:38.725549"]]
  ↳ db/schema.rb:13
  [1m[35m (0.1ms)[0m  [1m[35mCOMMIT[0m
  ↳ db/schema.rb:13
  [1m[36mActiveRecord::InternalMetadata Load (0.1ms)[0m  [1m[34mSELECT  "ar_internal_metadata".* FROM "ar_internal_metadata" WHERE "ar_internal_metadata"."key" = $1 LIMIT $2[0m  [["key", "environment"], ["LIMIT", 1]]
  ↳ bin/rails:9
  [1m[35m (0.0ms)[0m  [1m[35mBEGIN[0m
  ↳ bin/rails:9
  [1m[35m (0.0ms)[0m  [1m[35mCOMMIT[0m
  ↳ bin/rails:9
  [1m[35mSQL (0.3ms)[0m  [1m[35mCREATE EXTENSION IF NOT EXISTS "plpgsql"[0m
  ↳ db/schema.rb:16
  [1m[35m (0.1ms)[0m  [1m[35mDROP TABLE IF EXISTS "comments" CASCADE[0m
  ↳ db/schema.rb:18
  [1m[35m (4.6ms)[0m  [1m[35mCREATE TABLE "comments" ("id" bigserial primary key, "body" character varying NOT NULL, "video_id" integer NOT NULL, "parent_comment_id" integer, "created_at" timestamp NOT NULL, "updated_at" timestamp NOT NULL, "commenter_id" integer)[0m
  ↳ db/schema.rb:18
  [1m[35m (0.6ms)[0m  [1m[35mCREATE  INDEX  "index_comments_on_commenter_id" ON "comments"  ("commenter_id")[0m
  ↳ db/schema.rb:18
  [1m[35m (0.6ms)[0m  [1m[35mCREATE  INDEX  "index_comments_on_video_id" ON "comments"  ("video_id")[0m
  ↳ db/schema.rb:18
  [1m[35m (0.1ms)[0m  [1m[35mDROP TABLE IF EXISTS "likes" CASCADE[0m
  ↳ db/schema.rb:29
  [1m[35m (1.6ms)[0m  [1m[35mCREATE TABLE "likes" ("id" bigserial primary key, "liker_id" integer NOT NULL, "video_id" integer NOT NULL, "created_at" timestamp NOT NULL, "updated_at" timestamp NOT NULL)[0m
  ↳ db/schema.rb:29
  [1m[35m (0.5ms)[0m  [1m[35mCREATE  INDEX  "index_likes_on_liker_id" ON "likes"  ("liker_id")[0m
  ↳ db/schema.rb:29
  [1m[35m (0.7ms)[0m  [1m[35mCREATE UNIQUE INDEX  "index_likes_on_video_id_and_liker_id" ON "likes"  ("video_id", "liker_id")[0m
  ↳ db/schema.rb:29
  [1m[35m (0.1ms)[0m  [1m[35mDROP TABLE IF EXISTS "users" CASCADE[0m
  ↳ db/schema.rb:38
  [1m[35m (2.3ms)[0m  [1m[35mCREATE TABLE "users" ("id" bigserial primary key, "username" character varying NOT NULL, "password" character varying NOT NULL, "created_at" timestamp NOT NULL, "updated_at" timestamp NOT NULL)[0m
  ↳ db/schema.rb:38
  [1m[35m (0.1ms)[0m  [1m[35mDROP TABLE IF EXISTS "videos" CASCADE[0m
  ↳ db/schema.rb:45
  [1m[35m (2.3ms)[0m  [1m[35mCREATE TABLE "videos" ("id" bigserial primary key, "title" character varying NOT NULL, "description" text NOT NULL, "uploader_id" integer NOT NULL, "created_at" timestamp NOT NULL, "updated_at" timestamp NOT NULL)[0m
  ↳ db/schema.rb:45
  [1m[35m (0.5ms)[0m  [1m[35mCREATE  INDEX  "index_videos_on_uploader_id" ON "videos"  ("uploader_id")[0m
  ↳ db/schema.rb:45
  [1m[35m (1.8ms)[0m  [1m[35mCREATE TABLE "schema_migrations" ("version" character varying NOT NULL PRIMARY KEY)[0m
  ↳ db/schema.rb:13
  [1m[35m (0.4ms)[0m  [1m[34mSELECT "schema_migrations"."version" FROM "schema_migrations" ORDER BY "schema_migrations"."version" ASC[0m
  ↳ db/schema.rb:13
  [1m[35m (0.3ms)[0m  [1m[32mINSERT INTO "schema_migrations" (version) VALUES (20200125015338)[0m
  ↳ db/schema.rb:13
  [1m[35m (1.7ms)[0m  [1m[35mCREATE TABLE "ar_internal_metadata" ("key" character varying NOT NULL PRIMARY KEY, "value" character varying, "created_at" timestamp NOT NULL, "updated_at" timestamp NOT NULL)[0m
  ↳ db/schema.rb:13
  [1m[36mActiveRecord::InternalMetadata Load (0.2ms)[0m  [1m[34mSELECT  "ar_internal_metadata".* FROM "ar_internal_metadata" WHERE "ar_internal_metadata"."key" = $1 LIMIT $2[0m  [["key", "environment"], ["LIMIT", 1]]
  ↳ db/schema.rb:13
  [1m[35m (0.1ms)[0m  [1m[35mBEGIN[0m
  ↳ db/schema.rb:13
  [1m[36mActiveRecord::InternalMetadata Create (3.0ms)[0m  [1m[32mINSERT INTO "ar_internal_metadata" ("key", "value", "created_at", "updated_at") VALUES ($1, $2, $3, $4) RETURNING "key"[0m  [["key", "environment"], ["value", "development"], ["created_at", "2021-08-10 08:28:38.783802"], ["updated_at", "2021-08-10 08:28:38.783802"]]
  ↳ db/schema.rb:13
  [1m[35m (0.1ms)[0m  [1m[35mCOMMIT[0m
  ↳ db/schema.rb:13
  [1m[36mActiveRecord::InternalMetadata Load (0.1ms)[0m  [1m[34mSELECT  "ar_internal_metadata".* FROM "ar_internal_metadata" WHERE "ar_internal_metadata"."key" = $1 LIMIT $2[0m  [["key", "environment"], ["LIMIT", 1]]
  ↳ bin/rails:9
  [1m[35m (0.0ms)[0m  [1m[35mBEGIN[0m
  ↳ bin/rails:9
  [1m[36mActiveRecord::InternalMetadata Update (0.2ms)[0m  [1m[33mUPDATE "ar_internal_metadata" SET "value" = $1, "updated_at" = $2 WHERE "ar_internal_metadata"."key" = $3[0m  [["value", "test"], ["updated_at", "2021-08-10 08:28:38.788518"], ["key", "environment"]]
  ↳ bin/rails:9
  [1m[35m (0.1ms)[0m  [1m[35mCOMMIT[0m
  ↳ bin/rails:9
  [1m[35m (0.7ms)[0m  [1m[34mSELECT "schema_migrations"."version" FROM "schema_migrations" ORDER BY "schema_migrations"."version" ASC[0m
  ↳ bin/rails:9
  [1m[35m (0.1ms)[0m  [1m[35mBEGIN[0m
  ↳ db/seeds.rb:13
  [1m[36mUser Destroy (0.6ms)[0m  [1m[31mDELETE FROM "users"[0m
  ↳ db/seeds.rb:14
  [1m[36mVideo Destroy (0.4ms)[0m  [1m[31mDELETE FROM "videos"[0m
  ↳ db/seeds.rb:15
  [1m[36mComment Destroy (0.3ms)[0m  [1m[31mDELETE FROM "comments"[0m
  ↳ db/seeds.rb:16
  [1m[36mLike Destroy (0.3ms)[0m  [1m[31mDELETE FROM "likes"[0m
  ↳ db/seeds.rb:17
  [1m[36mUser Create (0.5ms)[0m  [1m[32mINSERT INTO "users" ("id", "username", "password", "created_at", "updated_at") VALUES ($1, $2, $3, $4, $5) RETURNING "id"[0m  [["id", 58852], ["username", "cousin_gerald"], ["password", "hesadoctor"], ["created_at", "2021-08-10 08:28:38.818761"], ["updated_at", "2021-08-10 08:28:38.818761"]]
  ↳ db/seeds.rb:19
  [1m[36mUser Create (0.2ms)[0m  [1m[32mINSERT INTO "users" ("id", "username", "password", "created_at", "updated_at") VALUES ($1, $2, $3, $4, $5) RETURNING "id"[0m  [["id", 12399], ["username", "gillian"], ["password", "ballberie"], ["created_at", "2021-08-10 08:28:38.819938"], ["updated_at", "2021-08-10 08:28:38.819938"]]
  ↳ db/seeds.rb:25
  [1m[36mVideo Create (0.4ms)[0m  [1m[32mINSERT INTO "videos" ("id", "title", "description", "uploader_id", "created_at", "updated_at") VALUES ($1, $2, $3, $4, $5, $6) RETURNING "id"[0m  [["id", 35361], ["title", "The Less I Know the Better"], ["description", "Music by Australian band Tame Impala"], ["uploader_id", 58852], ["created_at", "2021-08-10 08:28:38.826850"], ["updated_at", "2021-08-10 08:28:38.826850"]]
  ↳ db/seeds.rb:31
  [1m[36mVideo Create (0.1ms)[0m  [1m[32mINSERT INTO "videos" ("id", "title", "description", "uploader_id", "created_at", "updated_at") VALUES ($1, $2, $3, $4, $5, $6) RETURNING "id"[0m  [["id", 6715], ["title", "Ball of Pizza"], ["description", "Eric brings pizza to the dojo"], ["uploader_id", 12399], ["created_at", "2021-08-10 08:28:38.827861"], ["updated_at", "2021-08-10 08:28:38.827861"]]
  ↳ db/seeds.rb:38
  [1m[36mComment Create (0.5ms)[0m  [1m[32mINSERT INTO "comments" ("id", "body", "video_id", "created_at", "updated_at", "commenter_id") VALUES ($1, $2, $3, $4, $5, $6) RETURNING "id"[0m  [["id", 90116], ["body", "first"], ["video_id", 35361], ["created_at", "2021-08-10 08:28:38.834918"], ["updated_at", "2021-08-10 08:28:38.834918"], ["commenter_id", 12399]]
  ↳ db/seeds.rb:45
  [1m[36mComment Create (0.2ms)[0m  [1m[32mINSERT INTO "comments" ("id", "body", "video_id", "parent_comment_id", "created_at", "updated_at", "commenter_id") VALUES ($1, $2, $3, $4, $5, $6, $7) RETURNING "id"[0m  [["id", 23907], ["body", "second"], ["video_id", 35361], ["parent_comment_id", 90116], ["created_at", "2021-08-10 08:28:38.836019"], ["updated_at", "2021-08-10 08:28:38.836019"], ["commenter_id", 58852]]
  ↳ db/seeds.rb:52
  [1m[36mLike Create (0.5ms)[0m  [1m[32mINSERT INTO "likes" ("id", "liker_id", "video_id", "created_at", "updated_at") VALUES ($1, $2, $3, $4, $5) RETURNING "id"[0m  [["id", 73215], ["liker_id", 12399], ["video_id", 35361], ["created_at", "2021-08-10 08:28:38.842732"], ["updated_at", "2021-08-10 08:28:38.842732"]]
  ↳ db/seeds.rb:60
  [1m[36mLike Create (0.1ms)[0m  [1m[32mINSERT INTO "likes" ("id", "liker_id", "video_id", "created_at", "updated_at") VALUES ($1, $2, $3, $4, $5) RETURNING "id"[0m  [["id", 90326], ["liker_id", 58852], ["video_id", 6715], ["created_at", "2021-08-10 08:28:38.843832"], ["updated_at", "2021-08-10 08:28:38.843832"]]
  ↳ db/seeds.rb:61
  [1m[35m (0.2ms)[0m  [1m[35mCOMMIT[0m
  ↳ db/seeds.rb:13
  [1m[35m (1.4ms)[0m  [1m[34mSELECT "schema_migrations"."version" FROM "schema_migrations" ORDER BY "schema_migrations"."version" ASC[0m
  ↳ bin/rails:9
  [1m[35m (0.9ms)[0m  [1m[34mSELECT "ar_internal_metadata"."value" FROM "ar_internal_metadata" WHERE "ar_internal_metadata"."key" = $1[0m  [["key", "environment"]]
  ↳ bin/rails:9
  [1m[35m (0.2ms)[0m  [1m[34mSELECT "schema_migrations"."version" FROM "schema_migrations" ORDER BY "schema_migrations"."version" ASC[0m
  ↳ bin/rails:9
  [1m[35m (0.2ms)[0m  [1m[34mSELECT "ar_internal_metadata"."value" FROM "ar_internal_metadata" WHERE "ar_internal_metadata"."key" = $1[0m  [["key", "environment"]]
  ↳ bin/rails:9
  [1m[35m (0.2ms)[0m  [1m[34mSELECT "schema_migrations"."version" FROM "schema_migrations" ORDER BY "schema_migrations"."version" ASC[0m
  ↳ bin/rails:9
  [1m[35m (0.2ms)[0m  [1m[34mSELECT "ar_internal_metadata"."value" FROM "ar_internal_metadata" WHERE "ar_internal_metadata"."key" = $1[0m  [["key", "environment"]]
  ↳ bin/rails:9
  [1m[35mSQL (0.2ms)[0m  [1m[35mCREATE EXTENSION IF NOT EXISTS "plpgsql"[0m
  ↳ db/schema.rb:16
  [1m[35m (4.2ms)[0m  [1m[35mDROP TABLE IF EXISTS "comments" CASCADE[0m
  ↳ db/schema.rb:18
  [1m[35m (3.9ms)[0m  [1m[35mCREATE TABLE "comments" ("id" bigserial primary key, "body" character varying NOT NULL, "video_id" integer NOT NULL, "parent_comment_id" integer, "created_at" timestamp NOT NULL, "updated_at" timestamp NOT NULL, "commenter_id" integer)[0m
  ↳ db/schema.rb:18
  [1m[35m (1.0ms)[0m  [1m[35mCREATE  INDEX  "index_comments_on_commenter_id" ON "comments"  ("commenter_id")[0m
  ↳ db/schema.rb:18
  [1m[35m (0.7ms)[0m  [1m[35mCREATE  INDEX  "index_comments_on_video_id" ON "comments"  ("video_id")[0m
  ↳ db/schema.rb:18
  [1m[35m (1.7ms)[0m  [1m[35mDROP TABLE IF EXISTS "likes" CASCADE[0m
  ↳ db/schema.rb:29
  [1m[35m (2.1ms)[0m  [1m[35mCREATE TABLE "likes" ("id" bigserial primary key, "liker_id" integer NOT NULL, "video_id" integer NOT NULL, "created_at" timestamp NOT NULL, "updated_at" timestamp NOT NULL)[0m
  ↳ db/schema.rb:29
  [1m[35m (2.2ms)[0m  [1m[35mCREATE  INDEX  "index_likes_on_liker_id" ON "likes"  ("liker_id")[0m
  ↳ db/schema.rb:29
  [1m[35m (1.0ms)[0m  [1m[35mCREATE UNIQUE INDEX  "index_likes_on_video_id_and_liker_id" ON "likes"  ("video_id", "liker_id")[0m
  ↳ db/schema.rb:29
  [1m[35m (1.6ms)[0m  [1m[35mDROP TABLE IF EXISTS "users" CASCADE[0m
  ↳ db/schema.rb:38
  [1m[35m (2.7ms)[0m  [1m[35mCREATE TABLE "users" ("id" bigserial primary key, "username" character varying NOT NULL, "password" character varying NOT NULL, "created_at" timestamp NOT NULL, "updated_at" timestamp NOT NULL)[0m
  ↳ db/schema.rb:38
  [1m[35m (2.1ms)[0m  [1m[35mDROP TABLE IF EXISTS "videos" CASCADE[0m
  ↳ db/schema.rb:45
  [1m[35m (3.0ms)[0m  [1m[35mCREATE TABLE "videos" ("id" bigserial primary key, "title" character varying NOT NULL, "description" text NOT NULL, "uploader_id" integer NOT NULL, "created_at" timestamp NOT NULL, "updated_at" timestamp NOT NULL)[0m
  ↳ db/schema.rb:45
  [1m[35m (0.8ms)[0m  [1m[35mCREATE  INDEX  "index_videos_on_uploader_id" ON "videos"  ("uploader_id")[0m
  ↳ db/schema.rb:45
  [1m[35m (0.7ms)[0m  [1m[34mSELECT "schema_migrations"."version" FROM "schema_migrations" ORDER BY "schema_migrations"."version" ASC[0m
  ↳ db/schema.rb:13
  [1m[36mActiveRecord::InternalMetadata Load (0.3ms)[0m  [1m[34mSELECT  "ar_internal_metadata".* FROM "ar_internal_metadata" WHERE "ar_internal_metadata"."key" = $1 LIMIT $2[0m  [["key", "environment"], ["LIMIT", 1]]
  ↳ db/schema.rb:13
  [1m[35m (0.1ms)[0m  [1m[35mBEGIN[0m
  ↳ db/schema.rb:13
  [1m[35m (0.1ms)[0m  [1m[35mCOMMIT[0m
  ↳ db/schema.rb:13
  [1m[36mActiveRecord::InternalMetadata Load (0.2ms)[0m  [1m[34mSELECT  "ar_internal_metadata".* FROM "ar_internal_metadata" WHERE "ar_internal_metadata"."key" = $1 LIMIT $2[0m  [["key", "environment"], ["LIMIT", 1]]
  ↳ bin/rails:9
  [1m[35m (0.0ms)[0m  [1m[35mBEGIN[0m
  ↳ bin/rails:9
  [1m[35m (0.0ms)[0m  [1m[35mCOMMIT[0m
  ↳ bin/rails:9
  [1m[35mSQL (0.2ms)[0m  [1m[35mCREATE EXTENSION IF NOT EXISTS "plpgsql"[0m
  ↳ db/schema.rb:16
  [1m[35m (3.8ms)[0m  [1m[35mDROP TABLE IF EXISTS "comments" CASCADE[0m
  ↳ db/schema.rb:18
  [1m[35m (5.9ms)[0m  [1m[35mCREATE TABLE "comments" ("id" bigserial primary key, "body" character varying NOT NULL, "video_id" integer NOT NULL, "parent_comment_id" integer, "created_at" timestamp NOT NULL, "updated_at" timestamp NOT NULL, "commenter_id" integer)[0m
  ↳ db/schema.rb:18
  [1m[35m (0.8ms)[0m  [1m[35mCREATE  INDEX  "index_comments_on_commenter_id" ON "comments"  ("commenter_id")[0m
  ↳ db/schema.rb:18
  [1m[35m (0.7ms)[0m  [1m[35mCREATE  INDEX  "index_comments_on_video_id" ON "comments"  ("video_id")[0m
  ↳ db/schema.rb:18
  [1m[35m (1.8ms)[0m  [1m[35mDROP TABLE IF EXISTS "likes" CASCADE[0m
  ↳ db/schema.rb:29
  [1m[35m (2.5ms)[0m  [1m[35mCREATE TABLE "likes" ("id" bigserial primary key, "liker_id" integer NOT NULL, "video_id" integer NOT NULL, "created_at" timestamp NOT NULL, "updated_at" timestamp NOT NULL)[0m
  ↳ db/schema.rb:29
  [1m[35m (0.9ms)[0m  [1m[35mCREATE  INDEX  "index_likes_on_liker_id" ON "likes"  ("liker_id")[0m
  ↳ db/schema.rb:29
  [1m[35m (0.7ms)[0m  [1m[35mCREATE UNIQUE INDEX  "index_likes_on_video_id_and_liker_id" ON "likes"  ("video_id", "liker_id")[0m
  ↳ db/schema.rb:29
  [1m[35m (1.9ms)[0m  [1m[35mDROP TABLE IF EXISTS "users" CASCADE[0m
  ↳ db/schema.rb:38
  [1m[35m (3.2ms)[0m  [1m[35mCREATE TABLE "users" ("id" bigserial primary key, "username" character varying NOT NULL, "password" character varying NOT NULL, "created_at" timestamp NOT NULL, "updated_at" timestamp NOT NULL)[0m
  ↳ db/schema.rb:38
  [1m[35m (3.1ms)[0m  [1m[35mDROP TABLE IF EXISTS "videos" CASCADE[0m
  ↳ db/schema.rb:45
  [1m[35m (5.2ms)[0m  [1m[35mCREATE TABLE "videos" ("id" bigserial primary key, "title" character varying NOT NULL, "description" text NOT NULL, "uploader_id" integer NOT NULL, "created_at" timestamp NOT NULL, "updated_at" timestamp NOT NULL)[0m
  ↳ db/schema.rb:45
  [1m[35m (0.7ms)[0m  [1m[35mCREATE  INDEX  "index_videos_on_uploader_id" ON "videos"  ("uploader_id")[0m
  ↳ db/schema.rb:45
  [1m[35m (0.6ms)[0m  [1m[34mSELECT "schema_migrations"."version" FROM "schema_migrations" ORDER BY "schema_migrations"."version" ASC[0m
  ↳ db/schema.rb:13
  [1m[36mActiveRecord::InternalMetadata Load (0.3ms)[0m  [1m[34mSELECT  "ar_internal_metadata".* FROM "ar_internal_metadata" WHERE "ar_internal_metadata"."key" = $1 LIMIT $2[0m  [["key", "environment"], ["LIMIT", 1]]
  ↳ db/schema.rb:13
  [1m[35m (0.1ms)[0m  [1m[35mBEGIN[0m
  ↳ db/schema.rb:13
  [1m[36mActiveRecord::InternalMetadata Update (0.3ms)[0m  [1m[33mUPDATE "ar_internal_metadata" SET "value" = $1, "updated_at" = $2 WHERE "ar_internal_metadata"."key" = $3[0m  [["value", "development"], ["updated_at", "2021-08-10 08:28:40.649258"], ["key", "environment"]]
  ↳ db/schema.rb:13
  [1m[35m (0.1ms)[0m  [1m[35mCOMMIT[0m
  ↳ db/schema.rb:13
  [1m[36mActiveRecord::InternalMetadata Load (0.1ms)[0m  [1m[34mSELECT  "ar_internal_metadata".* FROM "ar_internal_metadata" WHERE "ar_internal_metadata"."key" = $1 LIMIT $2[0m  [["key", "environment"], ["LIMIT", 1]]
  ↳ bin/rails:9
  [1m[35m (0.0ms)[0m  [1m[35mBEGIN[0m
  ↳ bin/rails:9
  [1m[36mActiveRecord::InternalMetadata Update (0.2ms)[0m  [1m[33mUPDATE "ar_internal_metadata" SET "value" = $1, "updated_at" = $2 WHERE "ar_internal_metadata"."key" = $3[0m  [["value", "test"], ["updated_at", "2021-08-10 08:28:40.651891"], ["key", "environment"]]
  ↳ bin/rails:9
  [1m[35m (0.1ms)[0m  [1m[35mCOMMIT[0m
  ↳ bin/rails:9
  [1m[35m (1.7ms)[0m  [1m[34mSELECT "schema_migrations"."version" FROM "schema_migrations" ORDER BY "schema_migrations"."version" ASC[0m
  ↳ bin/rails:9
  [1m[35m (0.1ms)[0m  [1m[35mBEGIN[0m
  ↳ db/seeds.rb:13
  [1m[36mUser Destroy (0.9ms)[0m  [1m[31mDELETE FROM "users"[0m
  ↳ db/seeds.rb:14
  [1m[36mVideo Destroy (0.7ms)[0m  [1m[31mDELETE FROM "videos"[0m
  ↳ db/seeds.rb:15
  [1m[36mComment Destroy (0.9ms)[0m  [1m[31mDELETE FROM "comments"[0m
  ↳ db/seeds.rb:16
  [1m[36mLike Destroy (1.0ms)[0m  [1m[31mDELETE FROM "likes"[0m
  ↳ db/seeds.rb:17
  [1m[36mUser Create (1.0ms)[0m  [1m[32mINSERT INTO "users" ("id", "username", "password", "created_at", "updated_at") VALUES ($1, $2, $3, $4, $5) RETURNING "id"[0m  [["id", 53503], ["username", "cousin_gerald"], ["password", "hesadoctor"], ["created_at", "2021-08-10 08:28:42.318706"], ["updated_at", "2021-08-10 08:28:42.318706"]]
  ↳ db/seeds.rb:19
  [1m[36mUser Create (0.3ms)[0m  [1m[32mINSERT INTO "users" ("id", "username", "password", "created_at", "updated_at") VALUES ($1, $2, $3, $4, $5) RETURNING "id"[0m  [["id", 77221], ["username", "gillian"], ["password", "ballberie"], ["created_at", "2021-08-10 08:28:42.320914"], ["updated_at", "2021-08-10 08:28:42.320914"]]
  ↳ db/seeds.rb:25
  [1m[36mVideo Create (0.5ms)[0m  [1m[32mINSERT INTO "videos" ("id", "title", "description", "uploader_id", "created_at", "updated_at") VALUES ($1, $2, $3, $4, $5, $6) RETURNING "id"[0m  [["id", 20471], ["title", "The Less I Know the Better"], ["description", "Music by Australian band Tame Impala"], ["uploader_id", 53503], ["created_at", "2021-08-10 08:28:42.334453"], ["updated_at", "2021-08-10 08:28:42.334453"]]
  ↳ db/seeds.rb:31
  [1m[36mVideo Create (0.6ms)[0m  [1m[32mINSERT INTO "videos" ("id", "title", "description", "uploader_id", "created_at", "updated_at") VALUES ($1, $2, $3, $4, $5, $6) RETURNING "id"[0m  [["id", 61703], ["title", "Ball of Pizza"], ["description", "Eric brings pizza to the dojo"], ["uploader_id", 77221], ["created_at", "2021-08-10 08:28:42.335518"], ["updated_at", "2021-08-10 08:28:42.335518"]]
  ↳ db/seeds.rb:38
  [1m[36mComment Create (0.5ms)[0m  [1m[32mINSERT INTO "comments" ("id", "body", "video_id", "created_at", "updated_at", "commenter_id") VALUES ($1, $2, $3, $4, $5, $6) RETURNING "id"[0m  [["id", 24946], ["body", "first"], ["video_id", 20471], ["created_at", "2021-08-10 08:28:42.352440"], ["updated_at", "2021-08-10 08:28:42.352440"], ["commenter_id", 77221]]
  ↳ db/seeds.rb:45
  [1m[36mComment Create (0.2ms)[0m  [1m[32mINSERT INTO "comments" ("id", "body", "video_id", "parent_comment_id", "created_at", "updated_at", "commenter_id") VALUES ($1, $2, $3, $4, $5, $6, $7) RETURNING "id"[0m  [["id", 44960], ["body", "second"], ["video_id", 20471], ["parent_comment_id", 24946], ["created_at", "2021-08-10 08:28:42.353538"], ["updated_at", "2021-08-10 08:28:42.353538"], ["commenter_id", 53503]]
  ↳ db/seeds.rb:52
  [1m[36mLike Create (0.4ms)[0m  [1m[32mINSERT INTO "likes" ("id", "liker_id", "video_id", "created_at", "updated_at") VALUES ($1, $2, $3, $4, $5) RETURNING "id"[0m  [["id", 74683], ["liker_id", 77221], ["video_id", 20471], ["created_at", "2021-08-10 08:28:42.360458"], ["updated_at", "2021-08-10 08:28:42.360458"]]
  ↳ db/seeds.rb:60
  [1m[36mLike Create (0.1ms)[0m  [1m[32mINSERT INTO "likes" ("id", "liker_id", "video_id", "created_at", "updated_at") VALUES ($1, $2, $3, $4, $5) RETURNING "id"[0m  [["id", 63361], ["liker_id", 53503], ["video_id", 61703], ["created_at", "2021-08-10 08:28:42.361337"], ["updated_at", "2021-08-10 08:28:42.361337"]]
  ↳ db/seeds.rb:61
  [1m[35m (0.5ms)[0m  [1m[35mCOMMIT[0m
  ↳ db/seeds.rb:13
